{"numTotalTestSuites":5,"numPassedTestSuites":5,"numFailedTestSuites":0,"numPendingTestSuites":0,"numTotalTests":14,"numPassedTests":13,"numFailedTests":1,"numPendingTests":0,"numTodoTests":0,"startTime":1768662461527,"success":false,"testResults":[{"assertionResults":[{"ancestorTitles":["","removeCharacters","individual mode (consecutiveOnly = false)"],"fullName":" removeCharacters individual mode (consecutiveOnly = false) should remove single character from text","status":"passed","title":"should remove single character from text","duration":1,"failureMessages":[]},{"ancestorTitles":["","removeCharacters","individual mode (consecutiveOnly = false)"],"fullName":" removeCharacters individual mode (consecutiveOnly = false) should remove multiple different characters","status":"passed","title":"should remove multiple different characters","duration":0,"failureMessages":[]},{"ancestorTitles":["","removeCharacters","individual mode (consecutiveOnly = false)"],"fullName":" removeCharacters individual mode (consecutiveOnly = false) should remove all occurrences of a character","status":"passed","title":"should remove all occurrences of a character","duration":0,"failureMessages":[]},{"ancestorTitles":["","removeCharacters","individual mode (consecutiveOnly = false)"],"fullName":" removeCharacters individual mode (consecutiveOnly = false) should handle empty text","status":"passed","title":"should handle empty text","duration":0,"failureMessages":[]},{"ancestorTitles":["","removeCharacters","individual mode (consecutiveOnly = false)"],"fullName":" removeCharacters individual mode (consecutiveOnly = false) should handle empty characters array","status":"passed","title":"should handle empty characters array","duration":0,"failureMessages":[]},{"ancestorTitles":["","removeCharacters","individual mode (consecutiveOnly = false)"],"fullName":" removeCharacters individual mode (consecutiveOnly = false) should handle special regex characters","status":"passed","title":"should handle special regex characters","duration":0,"failureMessages":[]},{"ancestorTitles":["","removeCharacters","consecutive mode (consecutiveOnly = true)"],"fullName":" removeCharacters consecutive mode (consecutiveOnly = true) should remove consecutive occurrences only","status":"failed","title":"should remove consecutive occurrences only","duration":6,"failureMessages":["expected 'ab\\c' to be 'a\\b\\c' // Object.is equality"],"location":{"line":46,"column":28}},{"ancestorTitles":["","removeCharacters","consecutive mode (consecutiveOnly = true)"],"fullName":" removeCharacters consecutive mode (consecutiveOnly = true) should not remove single occurrences","status":"passed","title":"should not remove single occurrences","duration":0,"failureMessages":[]},{"ancestorTitles":["","removeCharacters","consecutive mode (consecutiveOnly = true)"],"fullName":" removeCharacters consecutive mode (consecutiveOnly = true) should remove multiple consecutive groups","status":"passed","title":"should remove multiple consecutive groups","duration":0,"failureMessages":[]},{"ancestorTitles":["","removeCharacters","consecutive mode (consecutiveOnly = true)"],"fullName":" removeCharacters consecutive mode (consecutiveOnly = true) should handle multiple characters in consecutive mode","status":"passed","title":"should handle multiple characters in consecutive mode","duration":0,"failureMessages":[]},{"ancestorTitles":["","removeCharacters","edge cases"],"fullName":" removeCharacters edge cases should handle null text","status":"passed","title":"should handle null text","duration":0,"failureMessages":[]},{"ancestorTitles":["","removeCharacters","edge cases"],"fullName":" removeCharacters edge cases should handle undefined text","status":"passed","title":"should handle undefined text","duration":0,"failureMessages":[]},{"ancestorTitles":["","removeCharacters","edge cases"],"fullName":" removeCharacters edge cases should handle newline character","status":"passed","title":"should handle newline character","duration":1,"failureMessages":[]},{"ancestorTitles":["","removeCharacters","edge cases"],"fullName":" removeCharacters edge cases should handle tab character","status":"passed","title":"should handle tab character","duration":0,"failureMessages":[]}],"startTime":1768662462793,"endTime":1768662462802,"status":"failed","message":"","name":"C:/Users/berkemaktav/slash-remover/src/utils/removeCharacters.test.js"}]}
